<?xml version="1.0" encoding="UTF-8"?>
<testsuite xmlns:xsi="http://www.w3.org/2001/XMLSchema-instance" xsi:noNamespaceSchemaLocation="https://maven.apache.org/surefire/maven-surefire-plugin/xsd/surefire-test-report-3.0.xsd" version="3.0" name="de.jpetstore_pom.tests.LoginTest" time="14.773" tests="3" errors="0" skipped="0" failures="0">
  <properties>
[...]
</properties>
  <testcase name="doLogin" classname="de.jpetstore_pom.tests.LoginTest" time="0.527"/>
  <testcase name="invalidLogin" classname="de.jpetstore_pom.tests.LoginTest$NegativeTests" time="4.948"/>
  <testcase name="invalidLogin" classname="de.jpetstore_pom.tests.LoginTest$NegativeTests$NegativeTestsLogin" time="4.952"/>
</testsuite>